<?xml version="1.0" encoding="UTF-8"?>
<!-- Generated by org.testng.reporters.JUnitXMLReporter -->
<testsuite ignored="0" hostname="LAPTOP-6D8FOT2J" failures="1" tests="3" name="Test" time="10.903" errors="0" timestamp="2023-09-27T10:36:57 IST">
  <testcase classname="reportGen2ReportNG.BaseClass" name="test1" time="10.768">
    <failure type="java.lang.AssertionError" message="expected [true] but found [false]">
      <![CDATA[java.lang.AssertionError: expected [true] but found [false]
at reportGen2ReportNG.BaseClass.test1(BaseClass.java:18)
at java.base/java.util.ArrayList.forEach(ArrayList.java:1511)
... Removed 31 stack frames]]>
    </failure>
  </testcase> <!-- test1 -->
  <testcase classname="reportGen2ReportNG.BaseClass" name="test2" time="0.0"/>
  <testcase classname="reportGen2ReportNG.BaseClass" name="test3" time="0.0"/>
</testsuite> <!-- Test -->
