<?xml version="1.0" encoding="UTF-8"?>
<!-- Generated by org.testng.reporters.JUnitReportReporter -->
<testsuite hostname="LAPTOP-6D8FOT2J" failures="0" tests="3" name="loginLogout.SkippingTestCases" time="0.020" errors="0" timestamp="2023-09-20T09:53:25 IST" skipped="2">
  <testcase classname="loginLogout.SkippingTestCases" name="Test3" time="0.003"/>
  <testcase classname="loginLogout.SkippingTestCases" name="Test2" time="0.017">
    <skipped/>
  </testcase> <!-- Test2 -->
  <testcase classname="loginLogout.SkippingTestCases" name="Test1">
    <skipped/>
  </testcase> <!-- Test1 -->
</testsuite> <!-- loginLogout.SkippingTestCases -->
