<?xml version="1.0" encoding="UTF-8"?>
<!-- Generated by org.testng.reporters.JUnitReportReporter -->
<testsuite hostname="LAPTOP-6D8FOT2J" failures="0" tests="4" name="loginLogout.TestNGroups" time="0.012" errors="0" timestamp="2023-09-21T10:45:43 IST" skipped="0">
  <testcase classname="loginLogout.TestNGroups" name="Test4" time="0.002"/>
  <testcase classname="loginLogout.TestNGroups" name="Test3" time="0.006"/>
  <testcase classname="loginLogout.TestNGroups" name="Test1" time="0.002"/>
  <testcase classname="loginLogout.TestNGroups" name="Test2" time="0.002"/>
</testsuite> <!-- loginLogout.TestNGroups -->
