<?xml version="1.0" encoding="UTF-8"?>
<!-- Generated by org.testng.reporters.JUnitReportReporter -->
<testsuite hostname="LAPTOP-6D8FOT2J" failures="0" tests="4" name="loginLogout.DataProviderDemoClass" time="0.132" errors="0" timestamp="2023-09-21T12:17:24 IST" skipped="0">
  <testcase classname="loginLogout.DataProviderDemoClass" name="Test" time="0.020"/>
  <testcase classname="loginLogout.DataProviderDemoClass" name="Test" time="0.023"/>
  <testcase classname="loginLogout.DataProviderDemoClass" name="Test" time="0.014"/>
  <testcase classname="loginLogout.DataProviderDemoClass" name="Test" time="0.075"/>
</testsuite> <!-- loginLogout.DataProviderDemoClass -->
