<?xml version="1.0" encoding="UTF-8"?>
<!-- Generated by org.testng.reporters.JUnitReportReporter -->
<testsuite hostname="LAPTOP-6D8FOT2J" failures="0" tests="2" name="reporteGenerator.Part1" time="0.016" errors="0" timestamp="2023-09-26T22:05:05 IST" skipped="0">
  <testcase classname="reporteGenerator.Part1" name="test4" time="0.002">
    <system-out>
      <![CDATA[TestCase Execution Started]]>
    </system-out>
  </testcase> <!-- test4 -->
  <testcase classname="reporteGenerator.Part1" name="test3" time="0.014">
    <system-out>
      <![CDATA[TestCase Execution Started]]>
    </system-out>
  </testcase> <!-- test3 -->
  <system-out>
    <![CDATA[TestCase Execution Started
TestCase Execution Started]]>
  </system-out>
</testsuite> <!-- reporteGenerator.Part1 -->
