<?xml version="1.0" encoding="UTF-8"?>
<!-- Generated by org.testng.reporters.JUnitReportReporter -->
<testsuite hostname="LAPTOP-6D8FOT2J" failures="0" tests="4" name="loginLogout.DataProvrealProject" time="30.740" errors="0" timestamp="2023-09-21T12:48:58 IST" skipped="0">
  <testcase classname="loginLogout.DataProvrealProject" name="Test1" time="6.501"/>
  <testcase classname="loginLogout.DataProvrealProject" name="Test1" time="6.773"/>
  <testcase classname="loginLogout.DataProvrealProject" name="Test1" time="6.412"/>
  <testcase classname="loginLogout.DataProvrealProject" name="Test1" time="11.054"/>
</testsuite> <!-- loginLogout.DataProvrealProject -->
