<?xml version="1.0" encoding="UTF-8"?>
<!-- Generated by org.testng.reporters.JUnitReportReporter -->
<testsuite hostname="LAPTOP-6D8FOT2J" failures="0" tests="4" name="loginLogout.BeforeGroupsandClasses" time="0.015" errors="0" timestamp="2023-09-20T10:35:11 IST" skipped="0">
  <testcase classname="loginLogout.BeforeGroupsandClasses" name="Test1" time="0.010"/>
  <testcase classname="loginLogout.BeforeGroupsandClasses" name="Test4" time="0.001"/>
  <testcase classname="loginLogout.BeforeGroupsandClasses" name="Test3" time="0.002"/>
  <testcase classname="loginLogout.BeforeGroupsandClasses" name="Test2" time="0.002"/>
</testsuite> <!-- loginLogout.BeforeGroupsandClasses -->
