<?xml version="1.0" encoding="UTF-8"?>
<!-- Generated by org.testng.reporters.JUnitXMLReporter -->
<testsuite ignored="4" hostname="LAPTOP-6D8FOT2J" failures="0" tests="7" name="Prog" time="6.671" errors="0" timestamp="2023-09-21T10:45:43 IST">
  <testcase classname="loginLogout.TestNGAnnotations" name="Test1" time="0.002"/>
  <testcase classname="loginLogout.TestNGAnnotations" name="Test2" time="0.001"/>
  <testcase classname="loginLogout.TestNGroups" name="Test1" time="0.002"/>
  <testcase classname="loginLogout.TestNGroups" name="Test3" time="0.006"/>
  <testcase classname="loginLogout.TestNGroups" name="Test4" time="0.002"/>
  <testcase classname="loginLogout.TestNGroups" name="Test2" time="0.002"/>
  <testcase classname="loginLogout.UseAssertion" name="Test1" time="6.608"/>
  <testcase classname="loginLogout.Commondatasetup" name="@AfterSuite datacleanup" time="0.0">
    <ignored/>
  </testcase> <!-- @AfterSuite datacleanup -->
  <testcase classname="loginLogout.Commondatasetup" name="@BeforeSuite datasetup" time="0.0">
    <ignored/>
  </testcase> <!-- @BeforeSuite datasetup -->
  <testcase classname="loginLogout.Commondatasetup" name="@BeforeSuite datasetup" time="0.0">
    <ignored/>
  </testcase> <!-- @BeforeSuite datasetup -->
  <testcase classname="loginLogout.Commondatasetup" name="@AfterSuite datacleanup" time="0.0">
    <ignored/>
  </testcase> <!-- @AfterSuite datacleanup -->
</testsuite> <!-- Prog -->
