<?xml version="1.0" encoding="UTF-8"?>
<!-- Generated by org.testng.reporters.JUnitXMLReporter -->
<testsuite ignored="0" hostname="LAPTOP-6D8FOT2J" failures="1" tests="4" name="Implementing Listeners" time="0.287" errors="0" timestamp="2023-09-25T17:25:21 IST">
  <testcase classname="loginLogout.Implementlisteners" name="Test1" time="0.038"/>
  <testcase classname="loginLogout.Implementlisteners" name="Test2" time="0.007"/>
  <testcase classname="loginLogout.Implementlisteners" name="Test3" time="0.034">
    <failure type="java.lang.AssertionError" message="expected [true] but found [false]">
      <![CDATA[java.lang.AssertionError: expected [true] but found [false]
at loginLogout.Implementlisteners.Test3(Implementlisteners.java:20)
at java.base/java.util.ArrayList.forEach(ArrayList.java:1511)
... Removed 31 stack frames]]>
    </failure>
  </testcase> <!-- Test3 -->
  <testcase classname="loginLogout.Implementlisteners" name="Test4" time="0.003"/>
</testsuite> <!-- Implementing Listeners -->
