<?xml version="1.0" encoding="UTF-8"?>
<!-- Generated by org.testng.reporters.JUnitXMLReporter -->
<testsuite ignored="2" hostname="LAPTOP-6D8FOT2J" failures="0" tests="2" name="GRP-progression" time="0.094" errors="0" timestamp="2023-09-19T09:41:15 IST">
  <testcase classname="loginLogout.TestNGroups" name="Test3" time="0.009"/>
  <testcase classname="loginLogout.TestNGroups" name="Test4" time="0.003"/>
  <testcase classname="loginLogout.TestNGroups" name="Test1" time="0.0">
    <ignored/>
  </testcase> <!-- Test1 -->
  <testcase classname="loginLogout.TestNGroups" name="Test2" time="0.0">
    <ignored/>
  </testcase> <!-- Test2 -->
</testsuite> <!-- GRP-progression -->
