<?xml version="1.0" encoding="UTF-8"?>
<!-- Generated by org.testng.reporters.JUnitXMLReporter -->
<testsuite ignored="1" hostname="LAPTOP-6D8FOT2J" failures="0" tests="3" name="GRP-regression" time="0.114" errors="0" timestamp="2023-09-18T21:24:06 IST">
  <testcase classname="loginLogout.TestNGroups" name="Test1" time="0.013"/>
  <testcase classname="loginLogout.TestNGroups" name="Test4" time="0.002"/>
  <testcase classname="loginLogout.TestNGroups" name="Test2" time="0.002"/>
  <testcase classname="loginLogout.TestNGroups" name="Test3" time="0.0">
    <ignored/>
  </testcase> <!-- Test3 -->
</testsuite> <!-- GRP-regression -->
