<?xml version="1.0" encoding="UTF-8"?>
<!-- Generated by org.testng.reporters.JUnitXMLReporter -->
<testsuite ignored="0" hostname="LAPTOP-6D8FOT2J" failures="0" tests="6" name="GRP-UI" time="0.136" errors="0" timestamp="2023-09-19T10:17:20 IST">
  <testcase classname="loginLogout.TestNGroups" name="Test1" time="0.013"/>
  <testcase classname="loginLogout.TestNGroups" name="Test3" time="0.003"/>
  <testcase classname="loginLogout.TestNGroups" name="Test4" time="0.004"/>
  <testcase classname="loginLogout.TestNGroups" name="Test2" time="0.003"/>
  <testcase classname="loginLogout.Login" name="bloginTest" time="0.001"/>
  <testcase classname="loginLogout.Login" name="alogoutTest" time="0.002"/>
</testsuite> <!-- GRP-UI -->
