<?xml version="1.0" encoding="UTF-8"?>
<!-- Generated by org.testng.reporters.JUnitXMLReporter -->
<testsuite ignored="0" hostname="LAPTOP-6D8FOT2J" failures="1" tests="1" name="Capturing Screenshot on Failure" time="4.12" errors="0" timestamp="2023-09-26T10:00:33 IST">
  <testcase classname="testng2.LauchApp" name="LauchApplication" time="3.736">
    <failure type="java.lang.AssertionError" message="expected [true] but found [false]">
      <![CDATA[java.lang.AssertionError: expected [true] but found [false]
at testng2.LauchApp.LauchApplication(LauchApp.java:12)
at java.base/java.util.ArrayList.forEach(ArrayList.java:1511)
... Removed 31 stack frames]]>
    </failure>
  </testcase> <!-- LauchApplication -->
</testsuite> <!-- Capturing Screenshot on Failure -->
